[debug] [2018-01-30T21:16:44.055Z] ----------------------------------------------------------------------
[debug] [2018-01-30T21:16:44.059Z] Command:       /usr/local/bin/node /home/mando/.npm-global/bin/firebase init
[debug] [2018-01-30T21:16:44.060Z] CLI Version:   3.17.4
[debug] [2018-01-30T21:16:44.060Z] Platform:      linux
[debug] [2018-01-30T21:16:44.060Z] Node Version:  v9.4.0
[debug] [2018-01-30T21:16:44.060Z] Time:          Tue Jan 30 2018 22:16:44 GMT+0100 (CET)
[debug] [2018-01-30T21:16:44.060Z] ----------------------------------------------------------------------
[debug] 
[debug] [2018-01-30T21:16:44.074Z] > command requires scopes: ["email","openid","https://www.googleapis.com/auth/cloudplatformprojects.readonly","https://www.googleapis.com/auth/firebase"]
[debug] [2018-01-30T21:16:44.075Z] > authorizing via signed-in user
[info] 
     ######## #### ########  ######## ########     ###     ######  ########
     ##        ##  ##     ## ##       ##     ##  ##   ##  ##       ##
     ######    ##  ########  ######   ########  #########  ######  ######
     ##        ##  ##    ##  ##       ##     ## ##     ##       ## ##
     ##       #### ##     ## ######## ########  ##     ##  ######  ########

You're about to initialize a Firebase project in this directory:

  /home/mando/react/grenius_varify

[info] 
=== Project Setup
[info] 
[info] First, let's associate this project directory with a Firebase project.
[info] You can create multiple project aliases by running firebase use --add, 
[info] but for now we'll just set up a default project.
[info] 
[debug] [2018-01-30T21:18:18.331Z] > refreshing access token with scopes: ["email","https://www.googleapis.com/auth/cloudplatformprojects.readonly","https://www.googleapis.com/auth/firebase","openid"]
[debug] [2018-01-30T21:18:18.332Z] >>> HTTP REQUEST POST https://www.googleapis.com/oauth2/v3/token  
 { refresh_token: '1/0PjzKyWJ87--ahb3GJdjnrT9X_ZzowB9kBBjCU6Eajw',
  client_id: '563584335869-fgrhgmd47bqnekij5i8b5pr03ho849e6.apps.googleusercontent.com',
  client_secret: 'j9iVZfS8kkCEFUPaAeJV0sAi',
  grant_type: 'refresh_token',
  scope: 'email https://www.googleapis.com/auth/cloudplatformprojects.readonly https://www.googleapis.com/auth/firebase openid' } 
 Tue Jan 30 2018 22:18:18 GMT+0100 (CET)
[debug] [2018-01-30T21:18:18.528Z] <<< HTTP RESPONSE 200
[debug] [2018-01-30T21:18:18.534Z] >>> HTTP REQUEST GET https://admin.firebase.com/v1/projects  
  
 Tue Jan 30 2018 22:18:18 GMT+0100 (CET)
[debug] [2018-01-30T21:18:19.404Z] <<< HTTP RESPONSE 200
